This is LuaHBTeX, Version 1.24.0 (TeX Live 2026/Arch Linux)  (format=optex 2026.3.14)  14 MAR 2026 15:25
 restricted system commands enabled.
**ukazka-manual.tex
(./ukazka-manual.tex This is OpTeX (Olsak's Plain TeX), version <1.19 Feb 2026>

(/usr/share/texmf-dist/tex/optex/base/f-lmfonts.opm
luaotfload | conf : Root cache directory is "/home/jirka/.texlive/texmf-var/luat
ex-cache/generic/names".
luaotfload | init : Loading fontloader "fontloader-2023-12-28.lua" from kpse-res
olved path "/usr/share/texmf-dist/tex/luatex/luaotfload/fontloader-2023-12-28.lu
a".
"luaotfload@noligature"=\attribute3
luaotfload | init : Context OpenType loader version 3.134
"luaotfload_color_attribute"=\attribute4
luaotfload | conf : Root cache directory is "/home/jirka/.texlive/texmf-var/luat
ex-cache/generic/names".
"luaotfload.letterspace_done"=\attribute5
luaotfload | db : Font names database loaded from /home/jirka/.texlive/texmf-var
/luatex-cache/generic/names/luaotfload-names.luc.gz
FONT: [Latin Modern] -- \LMfonts (TeX Gyre fonts based on Computer Modern)
 mods:{\roman \sans \quotset \ttset \ttprop \ttlight \ttcond \upital \dunhill s
ubmods:\caps \slant \nbold \bolder } vars:{\rm \bf \it \bi \tt } math:{LM}
Modifiers (selects subfamily):
 \modreset .. implicit values (serif, bold extended, nocaps)
 \sans ...... sans serif subfamily
 \quotset ... quotation subfamily
 \ttset ..... typewriter subfamily
 \ttprop .... proportional typewriter-like subfamily
 \ttlight ... light typewriter subfamily
 \ttcond .... condensed typewriter subfamily
 \upital .... upright italic (only \rm )
 \dunhill ... dunhill roman subfamily (only \rm , \it )
Sub-modifiers (selects special variants of given subfamily):
 \caps ...... caps & small caps (available only at limited shapes)
 \slant ..... slanted (default in some subfamilies)
 \nbold ..... normal bold (extended bold is default)
 \bolder .... extended bold
Note: Text fonts support optical sizes, but LatinModern-Math only for scripts.
 Use another CM-like family if optical sizes not wanted: \fontfam [NewCM]. 
MATH-FONT: "[latinmodern-math]" -- unicode math prepared.
(/usr/share/texmf-dist/tex/optex/base/unimath-codes.opm
@:[unimath-codes] Uni math codes <2026-02-17>
\_umathnumA=\count298
\_umathnumB=\count299
(/usr/share/texmf-dist/tex/optex/base/mathclass.opm) (/usr/share/texmf-dist/tex
/optex/base/unimath-table.opm)))
Loading hyphenation for Czech: \language=7 (cs)
(/usr/share/texmf-dist/tex/generic/hyph-utf8/patterns/tex/hyph-cs.tex) (/usr/sh
are/texmf-dist/tex/optex/base/f-heros.opm
FONT: [Heros] -- \Heros (TeX Gyre Heros fonts based on Helvetica)
 mods:{\caps \cond } vars:{\rm \bf \it \bi } math:{FiraMath}
Modifiers:
 \caps ...... caps & small caps
 \cond ...... condensed variants
 
) [1{/var/lib/texmf/fonts/map/pdftex/updmap/pdftex.map}] [2])</usr/share/texmf-d
ist/fonts/opentype/public/lm-math/latinmodern-math.otf></usr/share/texmf-dist/fo
nts/opentype/public/lm/lmmono10-regular.otf></usr/share/texmf-dist/fonts/opentyp
e/public/tex-gyre/texgyreheros-italic.otf></usr/share/texmf-dist/fonts/opentype/
public/tex-gyre/texgyreheros-regular.otf></usr/share/texmf-dist/fonts/opentype/p
ublic/tex-gyre/texgyreheros-bold.otf>
Output written on ukazka-manual.pdf (2 pages, 23873 bytes).

PDF statistics: 46 PDF objects out of 1000 (max. 8388607)
 26 compressed objects within 1 object stream
 0 named destinations out of 1000 (max. 1048576)
 1 words of extra memory for PDF output out of 10000 (max. 100000000)

